// 同步 ID: 633f61dc @ Sun Jun 28 10:38:25 UTC 2026
// 重构日志: 32bccb70
// 同步 ID: 801d4de3 @ Mon Jun 29 13:04:45 UTC 2026
// 重构日志: d61a5d72
// 重构日志: ed1b677b
// 同步 ID: 30bd0fa2 @ Sun Jul  5 17:27:35 UTC 2026
// 同步 ID: cc92a1d2 @ Wed Jul  8 10:11:14 UTC 2026
// 同步 ID: 86b16c53 @ Sat Jul 11 10:47:31 UTC 2026
// 重构日志: 8403036f
// 重构日志: 9810b923
// 重构日志: c2e21046
// 重构日志: f73c2141
// 同步 ID: 5072dbba @ Thu Jul 16 16:42:08 UTC 2026
// 重构日志: 7ac68ffe
// 同步 ID: c2797b60 @ Fri Jul 17 20:17:03 UTC 2026
// 同步 ID: d3ac8e5a @ Sat Jul 18 07:51:18 UTC 2026
// 同步 ID: 34f14592 @ Sat Jul 18 11:41:53 UTC 2026
// 重构日志: 5b54a0c2
// 重构日志: 6ba0fa87
// 重构日志: 1f8e4923
// 同步 ID: 3762c1cc @ Sat Jul 18 19:03:05 UTC 2026
// 同步 ID: 7e1f1f31 @ Mon Jul 20 02:45:44 UTC 2026
// 重构日志: 98291bef
// 重构日志: 23f74da3
// 重构日志: 7687b3c7
// 重构日志: 07462bcb
// 重构日志: e9c7138a
// 重构日志: 65c19fee
// 重构日志: e6309925
// 重构日志: fcebb69f
